<?xml version="1.0" encoding="UTF-8"?>
<!-- Generated by org.testng.reporters.JUnitXMLReporter -->
<testsuite hostname="DESKTOP-AM5EAM7" ignored="7" name="Default test" tests="1" failures="0" timestamp="2020-06-16T16:08:24 EDT" time="21.318" errors="0">
  <testcase name="mouseHover" time="1.74" classname="testWebA.AutomateComponents"/>
  <testcase name="elementDisplayedEx" time="0.0" classname="testWebA.AutomateComponents">
    <ignored/>
  </testcase> <!-- elementDisplayedEx -->
  <testcase name="newWindowHandling" time="0.0" classname="testWebA.AutomateComponents">
    <ignored/>
  </testcase> <!-- newWindowHandling -->
  <testcase name="alertHandling" time="0.0" classname="testWebA.AutomateComponents">
    <ignored/>
  </testcase> <!-- alertHandling -->
  <testcase name="newTabHandling" time="0.0" classname="testWebA.AutomateComponents">
    <ignored/>
  </testcase> <!-- newTabHandling -->
  <testcase name="basicComponents" time="0.0" classname="testWebA.AutomateComponents">
    <ignored/>
  </testcase> <!-- basicComponents -->
  <testcase name="tableData" time="0.0" classname="testWebA.AutomateComponents">
    <ignored/>
  </testcase> <!-- tableData -->
  <testcase name="dragAndDrop" time="0.0" classname="testWebA.AutomateComponents">
    <ignored/>
  </testcase> <!-- dragAndDrop -->
</testsuite> <!-- Default test -->
