<?xml version="1.0" encoding="UTF-8"?>
<!-- Generated by org.testng.reporters.JUnitXMLReporter -->
<testsuite hostname="DESKTOP-AM5EAM7" ignored="3" name="Default test" tests="1" failures="0" timestamp="2020-06-13T17:10:37 EDT" time="17.224" errors="0">
  <testcase name="alertHandling" time="3.689" classname="testWebA.AutomateComponents"/>
  <testcase name="newWindowHandling" time="0.0" classname="testWebA.AutomateComponents">
    <ignored/>
  </testcase> <!-- newWindowHandling -->
  <testcase name="newTabHandling" time="0.0" classname="testWebA.AutomateComponents">
    <ignored/>
  </testcase> <!-- newTabHandling -->
  <testcase name="basicComponents" time="0.0" classname="testWebA.AutomateComponents">
    <ignored/>
  </testcase> <!-- basicComponents -->
</testsuite> <!-- Default test -->
