<?xml version="1.0" encoding="UTF-8"?>
<testng-results skipped="0" failed="0" ignored="0" total="1" passed="1">
  <reporter-output>
  </reporter-output>
  <suite name="Default suite" duration-ms="17060" started-at="2020-06-08T12:54:10 EDT" finished-at="2020-06-08T12:54:27 EDT">
    <groups>
    </groups>
    <test name="Default test" duration-ms="17060" started-at="2020-06-08T12:54:10 EDT" finished-at="2020-06-08T12:54:27 EDT">
      <class name="testWebA.Automate_Components">
        <test-method status="PASS" signature="method1()[pri:0, instance:testWebA.Automate_Components@4f970963]" name="method1" duration-ms="17031" started-at="2020-06-08T12:54:10 EDT" finished-at="2020-06-08T12:54:27 EDT">
          <reporter-output>
          </reporter-output>
        </test-method> <!-- method1 -->
      </class> <!-- testWebA.Automate_Components -->
    </test> <!-- Default test -->
  </suite> <!-- Default suite -->
</testng-results>
