<?xml version="1.0" encoding="UTF-8"?>
<testng-results skipped="0" failed="0" ignored="7" total="8" passed="1">
  <reporter-output>
  </reporter-output>
  <suite name="Default suite" duration-ms="21318" started-at="2020-06-16T16:08:02 EDT" finished-at="2020-06-16T16:08:24 EDT">
    <groups>
    </groups>
    <test name="Default test" duration-ms="21318" started-at="2020-06-16T16:08:02 EDT" finished-at="2020-06-16T16:08:24 EDT">
      <class name="testWebA.AutomateComponents">
        <test-method status="PASS" signature="startDriver()[pri:0, instance:testWebA.AutomateComponents@5c5a1b69]" name="startDriver" is-config="true" duration-ms="19551" started-at="2020-06-16T16:08:02 EDT" finished-at="2020-06-16T16:08:22 EDT">
          <reporter-output>
          </reporter-output>
        </test-method> <!-- startDriver -->
        <test-method status="PASS" signature="mouseHover()[pri:0, instance:testWebA.AutomateComponents@5c5a1b69]" name="mouseHover" duration-ms="1740" started-at="2020-06-16T16:08:22 EDT" finished-at="2020-06-16T16:08:24 EDT">
          <reporter-output>
          </reporter-output>
        </test-method> <!-- mouseHover -->
      </class> <!-- testWebA.AutomateComponents -->
    </test> <!-- Default test -->
  </suite> <!-- Default suite -->
</testng-results>
